<?xml version="1.0" encoding="UTF-8"?>
<!-- Generated by org.testng.reporters.JUnitXMLReporter -->
<testsuite ignored="0" hostname="LAPTOP-D4P9EBFO" failures="1" tests="3" name="Error Message Validations Test" time="32.305" errors="0" timestamp="2024-08-28T19:15:43 GST">
  <testcase classname="com.scompany.Tests.ErrorMessageValidationsTest" name="loginErrorValidation" time="0.517">
    <skipped/>
  </testcase> <!-- loginErrorValidation -->
  <testcase classname="com.scompany.Tests.ErrorMessageValidationsTest" name="loginErrorValidation" time="1.067">
    <failure type="java.lang.AssertionError" message="expected [Incorrect email or password.] but found [Incorrect email  password.]">
      <![CDATA[java.lang.AssertionError: expected [Incorrect email or password.] but found [Incorrect email  password.]
at com.scompany.Tests.ErrorMessageValidationsTest.loginErrorValidation(ErrorMessageValidationsTest.java:21)
at java.base/java.util.ArrayList.forEach(ArrayList.java:1511)
at java.base/java.util.concurrent.FutureTask.run(FutureTask.java:264)
at java.base/java.util.concurrent.ThreadPoolExecutor.runWorker(ThreadPoolExecutor.java:1136)
at java.base/java.util.concurrent.ThreadPoolExecutor$Worker.run(ThreadPoolExecutor.java:635)
at java.base/java.lang.Thread.run(Thread.java:833)
... Removed 22 stack frames]]>
    </failure>
  </testcase> <!-- loginErrorValidation -->
  <testcase classname="com.scompany.Tests.ErrorMessageValidationsTest" name="productErrorValidation" time="14.655"/>
</testsuite> <!-- Error Message Validations Test -->
