<?xml version="1.0" encoding="UTF-8"?>
<!-- Generated by org.testng.reporters.JUnitXMLReporter -->
<testsuite ignored="0" hostname="LAPTOP-D4P9EBFO" failures="0" tests="3" name="Submit Order Test" time="44.341" errors="0" timestamp="2024-08-28T19:15:55 GST">
  <testcase classname="com.scompany.Tests.SubmitOrderTest" name="submitOrder" time="15.529"/>
  <testcase classname="com.scompany.Tests.SubmitOrderTest" name="submitOrder" time="15.213"/>
  <testcase classname="com.scompany.Tests.SubmitOrderTest" name="orderHistory" time="0.682"/>
</testsuite> <!-- Submit Order Test -->
