<?xml version="1.0" encoding="UTF-8"?>
<!-- Generated by org.testng.reporters.JUnitXMLReporter -->
<testsuite ignored="2" hostname="LAPTOP-D4P9EBFO" failures="0" tests="0" time="0.009" errors="0" timestamp="2024-08-29T23:11:03 GST">
  <testcase classname="com.scompany.Tests.ErrorMessageValidationsTest" name="loginErrorValidation" time="0.0">
    <ignored/>
  </testcase> <!-- loginErrorValidation -->
  <testcase classname="com.scompany.Tests.ErrorMessageValidationsTest" name="productErrorValidation" time="0.0">
    <ignored/>
  </testcase> <!-- productErrorValidation -->
</testsuite>
