<?xml version="1.0" encoding="UTF-8"?>
<!-- Generated by org.testng.reporters.JUnitXMLReporter -->
<testsuite ignored="1" hostname="LAPTOP-D4P9EBFO" failures="0" tests="2" name="Submit Order Test" time="47.891" errors="0" timestamp="2024-08-29T23:11:51 GST">
  <testcase classname="com.scompany.Tests.SubmitOrderTest" name="submitOrder" time="16.542"/>
  <testcase classname="com.scompany.Tests.SubmitOrderTest" name="submitOrder" time="18.22"/>
  <testcase classname="com.scompany.Tests.SubmitOrderTest" name="orderHistory" time="0.0">
    <ignored/>
  </testcase> <!-- orderHistory -->
</testsuite> <!-- Submit Order Test -->
