<?xml version="1.0" encoding="UTF-8"?>
<testng-results ignored="0" total="2" passed="2" failed="0" skipped="0">
  <reporter-output>
  </reporter-output>
  <suite started-at="2024-08-29T23:11:03 GST" name="Suite" finished-at="2024-08-29T23:11:51 GST" duration-ms="47891">
    <groups>
      <group name="Purchase">
        <method signature="SubmitOrderTest.submitOrder(java.util.HashMap)[pri:0, instance:com.scompany.Tests.SubmitOrderTest@6356695f]" name="submitOrder" class="com.scompany.Tests.SubmitOrderTest"/>
      </group> <!-- Purchase -->
    </groups>
    <test started-at="2024-08-29T23:11:03 GST" name="Error Message Validations Test" finished-at="2024-08-29T23:11:03 GST" duration-ms="9">
    </test> <!-- Error Message Validations Test -->
    <test started-at="2024-08-29T23:11:03 GST" name="Submit Order Test" finished-at="2024-08-29T23:11:51 GST" duration-ms="47891">
      <class name="com.scompany.Tests.SubmitOrderTest">
        <test-method is-config="true" signature="launchApplication()[pri:0, instance:com.scompany.Tests.SubmitOrderTest@6356695f]" started-at="2024-08-29T23:11:03 GST" name="launchApplication" finished-at="2024-08-29T23:11:12 GST" duration-ms="8829" status="PASS">
          <reporter-output>
          </reporter-output>
        </test-method> <!-- launchApplication -->
        <test-method signature="submitOrder(java.util.HashMap)[pri:0, instance:com.scompany.Tests.SubmitOrderTest@6356695f]" started-at="2024-08-29T23:11:12 GST" name="submitOrder" data-provider="getData" finished-at="2024-08-29T23:11:28 GST" duration-ms="16542" status="PASS">
          <params>
            <param index="0">
              <value>
                <![CDATA[{password=Sheza@123, itemName=ZARA COAT 3, email=saj@gmail.com}]]>
              </value>
            </param>
          </params>
          <reporter-output>
          </reporter-output>
        </test-method> <!-- submitOrder -->
        <test-method is-config="true" signature="closeApplication()[pri:0, instance:com.scompany.Tests.SubmitOrderTest@6356695f]" started-at="2024-08-29T23:11:28 GST" name="closeApplication" finished-at="2024-08-29T23:11:29 GST" duration-ms="257" status="PASS">
          <reporter-output>
          </reporter-output>
        </test-method> <!-- closeApplication -->
        <test-method is-config="true" signature="launchApplication()[pri:0, instance:com.scompany.Tests.SubmitOrderTest@6356695f]" started-at="2024-08-29T23:11:29 GST" name="launchApplication" finished-at="2024-08-29T23:11:32 GST" duration-ms="3631" status="PASS">
          <reporter-output>
          </reporter-output>
        </test-method> <!-- launchApplication -->
        <test-method signature="submitOrder(java.util.HashMap)[pri:0, instance:com.scompany.Tests.SubmitOrderTest@6356695f]" started-at="2024-08-29T23:11:32 GST" name="submitOrder" data-provider="getData" finished-at="2024-08-29T23:11:51 GST" duration-ms="18220" status="PASS">
          <params>
            <param index="0">
              <value>
                <![CDATA[{password=Iamking@000, itemName=ADIDAS ORIGINAL, email=anshika@gmail.com}]]>
              </value>
            </param>
          </params>
          <reporter-output>
          </reporter-output>
        </test-method> <!-- submitOrder -->
        <test-method is-config="true" signature="closeApplication()[pri:0, instance:com.scompany.Tests.SubmitOrderTest@6356695f]" started-at="2024-08-29T23:11:51 GST" name="closeApplication" finished-at="2024-08-29T23:11:51 GST" duration-ms="205" status="PASS">
          <reporter-output>
          </reporter-output>
        </test-method> <!-- closeApplication -->
      </class> <!-- com.scompany.Tests.SubmitOrderTest -->
    </test> <!-- Submit Order Test -->
  </suite> <!-- Suite -->
</testng-results>
