<?xml version="1.0" encoding="UTF-8"?>
<testng-results ignored="0" total="1" passed="1" failed="0" skipped="0">
  <reporter-output>
  </reporter-output>
  <suite started-at="2024-08-20T21:04:11 GST" name="Default suite" finished-at="2024-08-20T21:04:32 GST" duration-ms="21852">
    <groups>
    </groups>
    <test started-at="2024-08-20T21:04:11 GST" name="Default test" finished-at="2024-08-20T21:04:32 GST" duration-ms="21852">
      <class name="com.scompany.Tests.SubmitOrderTest">
        <test-method signature="submitOrder()[pri:0, instance:com.scompany.Tests.SubmitOrderTest@384ad17b]" started-at="2024-08-20T21:04:11 GST" name="submitOrder" finished-at="2024-08-20T21:04:32 GST" duration-ms="21822" status="PASS">
          <reporter-output>
          </reporter-output>
        </test-method> <!-- submitOrder -->
      </class> <!-- com.scompany.Tests.SubmitOrderTest -->
    </test> <!-- Default test -->
  </suite> <!-- Default suite -->
</testng-results>
