<?xml version="1.0" encoding="UTF-8"?>
<testng-results ignored="3" total="5" passed="2" failed="0" skipped="0">
  <reporter-output>
  </reporter-output>
  <suite started-at="2024-08-22T20:25:27 GST" name="Suite" finished-at="2024-08-22T20:26:14 GST" duration-ms="47157">
    <groups>
      <group name="Purchase">
        <method signature="SubmitOrderTest.submitOrder(java.lang.String,java.lang.String,java.lang.String)[pri:0, instance:com.scompany.Tests.SubmitOrderTest@3e58a80e]" name="submitOrder" class="com.scompany.Tests.SubmitOrderTest"/>
      </group> <!-- Purchase -->
    </groups>
    <test started-at="2024-08-22T20:25:27 GST" name="Error Message Validations Test" finished-at="2024-08-22T20:25:27 GST" duration-ms="10">
    </test> <!-- Error Message Validations Test -->
    <test started-at="2024-08-22T20:25:27 GST" name="Submit Order Test" finished-at="2024-08-22T20:26:14 GST" duration-ms="47157">
      <class name="com.scompany.Tests.SubmitOrderTest">
        <test-method is-config="true" signature="launchApplication()[pri:0, instance:com.scompany.Tests.SubmitOrderTest@3e58a80e]" started-at="2024-08-22T20:25:27 GST" name="launchApplication" finished-at="2024-08-22T20:25:47 GST" duration-ms="20247" status="PASS">
          <reporter-output>
          </reporter-output>
        </test-method> <!-- launchApplication -->
        <test-method signature="submitOrder(java.lang.String,java.lang.String,java.lang.String)[pri:0, instance:com.scompany.Tests.SubmitOrderTest@3e58a80e]" started-at="2024-08-22T20:25:47 GST" name="submitOrder" data-provider="getData" finished-at="2024-08-22T20:25:51 GST" duration-ms="3633" status="PASS">
          <params>
            <param index="0">
              <value>
                <![CDATA[saj@gmail.com]]>
              </value>
            </param>
            <param index="1">
              <value>
                <![CDATA[Sheza@123]]>
              </value>
            </param>
            <param index="2">
              <value>
                <![CDATA[ZARA COAT 3]]>
              </value>
            </param>
          </params>
          <reporter-output>
          </reporter-output>
        </test-method> <!-- submitOrder -->
        <test-method is-config="true" signature="closeApplication()[pri:0, instance:com.scompany.Tests.SubmitOrderTest@3e58a80e]" started-at="2024-08-22T20:25:51 GST" name="closeApplication" finished-at="2024-08-22T20:25:51 GST" duration-ms="206" status="PASS">
          <reporter-output>
          </reporter-output>
        </test-method> <!-- closeApplication -->
        <test-method is-config="true" signature="launchApplication()[pri:0, instance:com.scompany.Tests.SubmitOrderTest@3e58a80e]" started-at="2024-08-22T20:25:51 GST" name="launchApplication" finished-at="2024-08-22T20:25:57 GST" duration-ms="5770" status="PASS">
          <reporter-output>
          </reporter-output>
        </test-method> <!-- launchApplication -->
        <test-method signature="submitOrder(java.lang.String,java.lang.String,java.lang.String)[pri:0, instance:com.scompany.Tests.SubmitOrderTest@3e58a80e]" started-at="2024-08-22T20:25:57 GST" name="submitOrder" data-provider="getData" finished-at="2024-08-22T20:26:12 GST" duration-ms="15359" status="PASS">
          <params>
            <param index="0">
              <value>
                <![CDATA[anshika@gmail.com]]>
              </value>
            </param>
            <param index="1">
              <value>
                <![CDATA[Iamking@000]]>
              </value>
            </param>
            <param index="2">
              <value>
                <![CDATA[ADIDAS ORIGINAL]]>
              </value>
            </param>
          </params>
          <reporter-output>
          </reporter-output>
        </test-method> <!-- submitOrder -->
        <test-method is-config="true" signature="closeApplication()[pri:0, instance:com.scompany.Tests.SubmitOrderTest@3e58a80e]" started-at="2024-08-22T20:26:12 GST" name="closeApplication" finished-at="2024-08-22T20:26:14 GST" duration-ms="1895" status="PASS">
          <reporter-output>
          </reporter-output>
        </test-method> <!-- closeApplication -->
      </class> <!-- com.scompany.Tests.SubmitOrderTest -->
    </test> <!-- Submit Order Test -->
  </suite> <!-- Suite -->
</testng-results>
