<?xml version="1.0" encoding="UTF-8"?>
<testng-results ignored="0" total="1" passed="1" failed="0" skipped="0">
  <reporter-output>
  </reporter-output>
  <suite started-at="2024-08-20T22:31:38 GST" name="Default suite" finished-at="2024-08-20T22:31:45 GST" duration-ms="6876">
    <groups>
    </groups>
    <test started-at="2024-08-20T22:31:38 GST" name="Default test" finished-at="2024-08-20T22:31:45 GST" duration-ms="6876">
      <class name="com.scompany.Tests.errorMessageValidation">
        <test-method is-config="true" signature="launchApplication()[pri:0, instance:com.scompany.Tests.errorMessageValidation@5e0826e7]" started-at="2024-08-20T22:31:38 GST" name="launchApplication" finished-at="2024-08-20T22:31:44 GST" duration-ms="5680" status="PASS">
          <reporter-output>
          </reporter-output>
        </test-method> <!-- launchApplication -->
        <test-method signature="messageValidation()[pri:0, instance:com.scompany.Tests.errorMessageValidation@5e0826e7]" started-at="2024-08-20T22:31:44 GST" name="messageValidation" finished-at="2024-08-20T22:31:45 GST" duration-ms="1028" status="PASS">
          <reporter-output>
          </reporter-output>
        </test-method> <!-- messageValidation -->
        <test-method is-config="true" signature="closeApplication()[pri:0, instance:com.scompany.Tests.errorMessageValidation@5e0826e7]" started-at="2024-08-20T22:31:45 GST" name="closeApplication" finished-at="2024-08-20T22:31:45 GST" duration-ms="140" status="PASS">
          <reporter-output>
          </reporter-output>
        </test-method> <!-- closeApplication -->
      </class> <!-- com.scompany.Tests.errorMessageValidation -->
    </test> <!-- Default test -->
  </suite> <!-- Default suite -->
</testng-results>
