<?xml version="1.0" encoding="UTF-8"?>
<testng-results ignored="0" total="2" passed="2" failed="0" skipped="0">
  <reporter-output>
  </reporter-output>
  <suite started-at="2024-08-21T00:15:50 GST" name="Default suite" finished-at="2024-08-21T00:16:13 GST" duration-ms="22428">
    <groups>
    </groups>
    <test started-at="2024-08-21T00:15:50 GST" name="Default test" finished-at="2024-08-21T00:16:13 GST" duration-ms="22428">
      <class name="com.scompany.Tests.SubmitOrderTest">
        <test-method is-config="true" signature="launchApplication()[pri:0, instance:com.scompany.Tests.SubmitOrderTest@6e20b53a]" started-at="2024-08-21T00:15:51 GST" name="launchApplication" finished-at="2024-08-21T00:15:54 GST" duration-ms="3166" status="PASS">
          <reporter-output>
          </reporter-output>
        </test-method> <!-- launchApplication -->
        <test-method signature="submitOrder()[pri:0, instance:com.scompany.Tests.SubmitOrderTest@6e20b53a]" started-at="2024-08-21T00:15:54 GST" name="submitOrder" finished-at="2024-08-21T00:16:08 GST" duration-ms="14618" status="PASS">
          <reporter-output>
          </reporter-output>
        </test-method> <!-- submitOrder -->
        <test-method is-config="true" signature="closeApplication()[pri:0, instance:com.scompany.Tests.SubmitOrderTest@6e20b53a]" started-at="2024-08-21T00:16:08 GST" name="closeApplication" finished-at="2024-08-21T00:16:09 GST" duration-ms="301" status="PASS">
          <reporter-output>
          </reporter-output>
        </test-method> <!-- closeApplication -->
        <test-method is-config="true" signature="launchApplication()[pri:0, instance:com.scompany.Tests.SubmitOrderTest@6e20b53a]" started-at="2024-08-21T00:16:09 GST" name="launchApplication" finished-at="2024-08-21T00:16:12 GST" duration-ms="3474" status="PASS">
          <reporter-output>
          </reporter-output>
        </test-method> <!-- launchApplication -->
        <test-method signature="orderHistory()[pri:0, instance:com.scompany.Tests.SubmitOrderTest@6e20b53a]" started-at="2024-08-21T00:16:12 GST" name="orderHistory" finished-at="2024-08-21T00:16:13 GST" depends-on-methods="com.scompany.Tests.SubmitOrderTest.submitOrder" duration-ms="626" status="PASS">
          <reporter-output>
          </reporter-output>
        </test-method> <!-- orderHistory -->
        <test-method is-config="true" signature="closeApplication()[pri:0, instance:com.scompany.Tests.SubmitOrderTest@6e20b53a]" started-at="2024-08-21T00:16:13 GST" name="closeApplication" finished-at="2024-08-21T00:16:13 GST" duration-ms="200" status="PASS">
          <reporter-output>
          </reporter-output>
        </test-method> <!-- closeApplication -->
      </class> <!-- com.scompany.Tests.SubmitOrderTest -->
    </test> <!-- Default test -->
  </suite> <!-- Default suite -->
</testng-results>
