<?xml version="1.0" encoding="UTF-8"?>
<testng-results ignored="3" total="5" passed="2" failed="0" skipped="0">
  <reporter-output>
  </reporter-output>
  <suite started-at="2024-08-22T20:43:44 GST" name="Suite" finished-at="2024-08-22T20:44:39 GST" duration-ms="54739">
    <groups>
      <group name="Purchase">
        <method signature="SubmitOrderTest.submitOrder(java.util.HashMap)[pri:0, instance:com.scompany.Tests.SubmitOrderTest@3e58a80e]" name="submitOrder" class="com.scompany.Tests.SubmitOrderTest"/>
      </group> <!-- Purchase -->
    </groups>
    <test started-at="2024-08-22T20:43:44 GST" name="Error Message Validations Test" finished-at="2024-08-22T20:43:44 GST" duration-ms="7">
    </test> <!-- Error Message Validations Test -->
    <test started-at="2024-08-22T20:43:44 GST" name="Submit Order Test" finished-at="2024-08-22T20:44:39 GST" duration-ms="54739">
      <class name="com.scompany.Tests.SubmitOrderTest">
        <test-method is-config="true" signature="launchApplication()[pri:0, instance:com.scompany.Tests.SubmitOrderTest@3e58a80e]" started-at="2024-08-22T20:43:44 GST" name="launchApplication" finished-at="2024-08-22T20:44:03 GST" duration-ms="19271" status="PASS">
          <reporter-output>
          </reporter-output>
        </test-method> <!-- launchApplication -->
        <test-method signature="submitOrder(java.util.HashMap)[pri:0, instance:com.scompany.Tests.SubmitOrderTest@3e58a80e]" started-at="2024-08-22T20:44:03 GST" name="submitOrder" data-provider="getData" finished-at="2024-08-22T20:44:19 GST" duration-ms="15603" status="PASS">
          <params>
            <param index="0">
              <value>
                <![CDATA[{password=Sheza@123, itemName=ZARA COAT 3, email=saj@gmail.com}]]>
              </value>
            </param>
          </params>
          <reporter-output>
          </reporter-output>
        </test-method> <!-- submitOrder -->
        <test-method is-config="true" signature="closeApplication()[pri:0, instance:com.scompany.Tests.SubmitOrderTest@3e58a80e]" started-at="2024-08-22T20:44:19 GST" name="closeApplication" finished-at="2024-08-22T20:44:19 GST" duration-ms="329" status="PASS">
          <reporter-output>
          </reporter-output>
        </test-method> <!-- closeApplication -->
        <test-method is-config="true" signature="launchApplication()[pri:0, instance:com.scompany.Tests.SubmitOrderTest@3e58a80e]" started-at="2024-08-22T20:44:19 GST" name="launchApplication" finished-at="2024-08-22T20:44:23 GST" duration-ms="4263" status="PASS">
          <reporter-output>
          </reporter-output>
        </test-method> <!-- launchApplication -->
        <test-method signature="submitOrder(java.util.HashMap)[pri:0, instance:com.scompany.Tests.SubmitOrderTest@3e58a80e]" started-at="2024-08-22T20:44:23 GST" name="submitOrder" data-provider="getData" finished-at="2024-08-22T20:44:38 GST" duration-ms="14957" status="PASS">
          <params>
            <param index="0">
              <value>
                <![CDATA[{password=Sheza@123, itemName=ZARA COAT 3, email=saj@gmail.com}]]>
              </value>
            </param>
          </params>
          <reporter-output>
          </reporter-output>
        </test-method> <!-- submitOrder -->
        <test-method is-config="true" signature="closeApplication()[pri:0, instance:com.scompany.Tests.SubmitOrderTest@3e58a80e]" started-at="2024-08-22T20:44:38 GST" name="closeApplication" finished-at="2024-08-22T20:44:39 GST" duration-ms="265" status="PASS">
          <reporter-output>
          </reporter-output>
        </test-method> <!-- closeApplication -->
      </class> <!-- com.scompany.Tests.SubmitOrderTest -->
    </test> <!-- Submit Order Test -->
  </suite> <!-- Suite -->
</testng-results>
