<?xml version="1.0" encoding="UTF-8"?>
<testng-results ignored="3" total="4" passed="1" failed="0" skipped="0">
  <reporter-output>
  </reporter-output>
  <suite started-at="2024-08-21T00:33:39 GST" name="Suite" finished-at="2024-08-21T00:34:11 GST" duration-ms="31965">
    <groups>
      <group name="ErrorHandling">
        <method signature="ErrorMessageValidationsTest.loginErrorValidation()[pri:0, instance:com.scompany.Tests.ErrorMessageValidationsTest@35d019a3]" name="loginErrorValidation" class="com.scompany.Tests.ErrorMessageValidationsTest"/>
      </group> <!-- ErrorHandling -->
    </groups>
    <test started-at="2024-08-21T00:33:39 GST" name="Submit Order Test" finished-at="2024-08-21T00:33:39 GST" duration-ms="7">
    </test> <!-- Submit Order Test -->
    <test started-at="2024-08-21T00:33:39 GST" name="Error Message Validations Test" finished-at="2024-08-21T00:34:11 GST" duration-ms="31965">
      <class name="com.scompany.Tests.ErrorMessageValidationsTest">
        <test-method is-config="true" signature="launchApplication()[pri:0, instance:com.scompany.Tests.ErrorMessageValidationsTest@35d019a3]" started-at="2024-08-21T00:33:39 GST" name="launchApplication" finished-at="2024-08-21T00:34:10 GST" duration-ms="30984" status="PASS">
          <reporter-output>
          </reporter-output>
        </test-method> <!-- launchApplication -->
        <test-method signature="loginErrorValidation()[pri:0, instance:com.scompany.Tests.ErrorMessageValidationsTest@35d019a3]" started-at="2024-08-21T00:34:10 GST" name="loginErrorValidation" finished-at="2024-08-21T00:34:11 GST" duration-ms="626" status="PASS">
          <reporter-output>
          </reporter-output>
        </test-method> <!-- loginErrorValidation -->
        <test-method is-config="true" signature="closeApplication()[pri:0, instance:com.scompany.Tests.ErrorMessageValidationsTest@35d019a3]" started-at="2024-08-21T00:34:11 GST" name="closeApplication" finished-at="2024-08-21T00:34:11 GST" duration-ms="319" status="PASS">
          <reporter-output>
          </reporter-output>
        </test-method> <!-- closeApplication -->
      </class> <!-- com.scompany.Tests.ErrorMessageValidationsTest -->
    </test> <!-- Error Message Validations Test -->
  </suite> <!-- Suite -->
</testng-results>
